c:\users\user\source\repos\loaderui\loaderui\release\vc141.pdb
c:\users\user\source\repos\loaderui\loaderui\release\myform.obj
c:\users\user\source\repos\loaderui\loaderui\release\mem.obj
c:\users\user\source\repos\loaderui\loaderui\release\injection.obj
c:\users\user\source\repos\loaderui\loaderui\release\accessdenied.obj
c:\users\user\source\repos\loaderui\loaderui\release\.netframework,version=v4.6.1.assemblyattributes.obj
c:\users\user\source\repos\loaderui\loaderui\release\.netframework,version=v4.6.1.assemblyattributes.asm
c:\users\user\source\repos\loaderui\loaderui\release\loaderui.accessdenied.resources
c:\users\user\source\repos\loaderui\loaderui\release\loaderui.injection.resources
c:\users\user\source\repos\loaderui\loaderui\release\loaderui.myform.resources
c:\users\user\source\repos\loaderui\loaderui\release\loaderui.vcxproj.generateresource.cache
c:\users\user\source\repos\loaderui\loaderui\release\loaderui.vcxprojresolveassemblyreference.cache
c:\users\user\source\repos\loaderui\release\loaderui.pdb
c:\users\user\source\repos\loaderui\loaderui\release\loaderui.tlog\cl.command.1.tlog
c:\users\user\source\repos\loaderui\loaderui\release\loaderui.tlog\cl.read.1.tlog
c:\users\user\source\repos\loaderui\loaderui\release\loaderui.tlog\cl.write.1.tlog
c:\users\user\source\repos\loaderui\loaderui\release\loaderui.tlog\link-cvtres.read.1.tlog
c:\users\user\source\repos\loaderui\loaderui\release\loaderui.tlog\link-cvtres.write.1.tlog
c:\users\user\source\repos\loaderui\loaderui\release\loaderui.tlog\link-rc.read.1.tlog
c:\users\user\source\repos\loaderui\loaderui\release\loaderui.tlog\link-rc.write.1.tlog
c:\users\user\source\repos\loaderui\loaderui\release\loaderui.tlog\link.command.1.tlog
c:\users\user\source\repos\loaderui\loaderui\release\loaderui.tlog\link.read.1.tlog
c:\users\user\source\repos\loaderui\loaderui\release\loaderui.tlog\link.write.1.tlog
c:\users\user\source\repos\loaderui\loaderui\release\loaderui.tlog\loaderui.write.1u.tlog
c:\users\user\source\repos\loaderui\loaderui\release\loaderui.tlog\metagen.read.1.tlog
c:\users\user\source\repos\loaderui\loaderui\release\loaderui.tlog\metagen.write.1.tlog
c:\users\user\source\repos\loaderui\loaderui\release\loaderui.tlog\rsaenh.dll.bi
c:\users\user\source\repos\loaderui\loaderui\release\loaderui.tlog\tzres.dll.bi
